[2022-07-15T22:07:49.904] [INFO] todos - Servidor escuchando en el puerto 8080- PID WORKER 37120
[2022-07-15T22:11:46.955] [INFO] todos - Servidor escuchando en el puerto 8080- PID WORKER 45348
[2022-07-15T22:12:25.253] [INFO] todos - Servidor escuchando en el puerto 8080- PID WORKER 27656
[2022-07-15T22:13:05.651] [INFO] todos - Servidor escuchando en el puerto 8080- PID WORKER 42324
[2022-07-15T22:18:08.006] [INFO] todos - Servidor escuchando en el puerto 8080- PID WORKER 45840
[2022-07-15T22:21:31.103] [INFO] todos - Servidor escuchando en el puerto 8080- PID WORKER 17312
[2022-07-15T22:26:48.129] [INFO] todos - Servidor escuchando en el puerto 8080- PID WORKER 43724
[2022-07-15T22:35:57.602] [INFO] todos - Servidor escuchando en el puerto 8080- PID WORKER 46092
[2022-07-15T22:52:26.503] [INFO] todos - Servidor escuchando en el puerto 8080- PID WORKER 43648
[2022-07-15T22:54:08.446] [INFO] todos - Servidor escuchando en el puerto 8080- PID WORKER 12632
[2022-07-15T22:57:15.168] [INFO] todos - Servidor escuchando en el puerto 8080- PID WORKER 23584
[2022-07-15T22:57:54.785] [INFO] todos - Servidor escuchando en el puerto 8080- PID WORKER 46568
[2022-07-15T23:03:15.200] [INFO] todos - Servidor escuchando en el puerto 8080- PID WORKER 41136
[2022-07-15T23:08:36.584] [INFO] todos - Servidor escuchando en el puerto 8080- PID WORKER 5176
[2022-07-15T23:12:52.607] [INFO] todos - Servidor escuchando en el puerto 8080- PID WORKER 43816
[2022-07-15T23:13:02.664] [INFO] todos - Servidor escuchando en el puerto 8080- PID WORKER 39480
[2022-07-15T23:16:39.383] [INFO] todos - Servidor escuchando en el puerto 8080- PID WORKER 15508
[2022-07-15T23:18:34.173] [INFO] todos - Servidor escuchando en el puerto 8080- PID WORKER 45536
[2022-07-15T23:27:27.403] [INFO] todos - Servidor escuchando en el puerto 8080- PID WORKER 34196
[2022-07-15T23:30:13.511] [INFO] todos - Servidor escuchando en el puerto 8080- PID WORKER 42816
[2022-07-15T23:33:04.277] [INFO] todos - Servidor escuchando en el puerto 8080- PID WORKER 42836
[2022-07-15T23:37:32.932] [INFO] todos - Servidor escuchando en el puerto 8080- PID WORKER 11516
[2022-07-15T23:43:43.959] [INFO] todos - Servidor escuchando en el puerto 8080- PID WORKER 44888
[2022-07-15T23:55:21.350] [INFO] todos - Servidor escuchando en el puerto 8080- PID WORKER 46268
[2022-07-15T23:55:31.164] [ERROR] todos - Error: Invalid login: 535-5.7.8 Username and Password not accepted. Learn more at
535 5.7.8  https://support.google.com/mail/?p=BadCredentials bl20-20020a056808309400b0033a314105b8sm2393357oib.13 - gsmtp
    at SMTPConnection._formatError (C:\Users\tomas\OneDrive\Escritorio\Coder House\backend-Proyecto-Final\node_modules\nodemailer\lib\smtp-connection\index.js:784:19)
    at SMTPConnection._actionAUTHComplete (C:\Users\tomas\OneDrive\Escritorio\Coder House\backend-Proyecto-Final\node_modules\nodemailer\lib\smtp-connection\index.js:1536:34)
    at SMTPConnection.<anonymous> (C:\Users\tomas\OneDrive\Escritorio\Coder House\backend-Proyecto-Final\node_modules\nodemailer\lib\smtp-connection\index.js:540:26)
    at SMTPConnection._processResponse (C:\Users\tomas\OneDrive\Escritorio\Coder House\backend-Proyecto-Final\node_modules\nodemailer\lib\smtp-connection\index.js:947:20)
    at SMTPConnection._onData (C:\Users\tomas\OneDrive\Escritorio\Coder House\backend-Proyecto-Final\node_modules\nodemailer\lib\smtp-connection\index.js:749:14)
    at TLSSocket.SMTPConnection._onSocketData (C:\Users\tomas\OneDrive\Escritorio\Coder House\backend-Proyecto-Final\node_modules\nodemailer\lib\smtp-connection\index.js:189:44)
    at TLSSocket.emit (node:events:527:28)
    at addChunk (node:internal/streams/readable:315:12)
    at readableAddChunk (node:internal/streams/readable:289:9)
    at TLSSocket.Readable.push (node:internal/streams/readable:228:10) {
  code: 'EAUTH',
  response: '535-5.7.8 Username and Password not accepted. Learn more at\n' +
    '535 5.7.8  https://support.google.com/mail/?p=BadCredentials bl20-20020a056808309400b0033a314105b8sm2393357oib.13 - gsmtp',
  responseCode: 535,
  command: 'AUTH PLAIN'
}
[2022-07-15T23:55:31.264] [INFO] todos - {
  body: '*nuevo pedido de sad*:\n' +
    '-Producto: id = qrhopvomku,nombre = nike,codigo = ,precio = 500,stock = 5',
  numSegments: '1',
  direction: 'outbound-api',
  from: 'whatsapp:+14155238886',
  to: 'whatsapp:+5491167843278',
  dateUpdated: 2022-07-16T02:55:37.000Z,
  price: null,
  errorMessage: null,
  uri: '/2010-04-01/Accounts/AC33630fd76eb219c5d519973ae212803f/Messages/SMac99918eceae404786a685682c427cb3.json',
  accountSid: 'AC33630fd76eb219c5d519973ae212803f',
  numMedia: '0',
  status: 'queued',
  messagingServiceSid: null,
  sid: 'SMac99918eceae404786a685682c427cb3',
  dateSent: null,
  dateCreated: 2022-07-16T02:55:37.000Z,
  errorCode: null,
  priceUnit: null,
  apiVersion: '2010-04-01',
  subresourceUris: {
    media: '/2010-04-01/Accounts/AC33630fd76eb219c5d519973ae212803f/Messages/SMac99918eceae404786a685682c427cb3/Media.json'
  }
}
[2022-07-16T00:05:41.691] [INFO] todos - Servidor escuchando en el puerto 8080- PID WORKER 40952
[2022-07-16T05:59:28.396] [INFO] todos - Servidor escuchando en el puerto 8080- PID WORKER 44348
[2022-07-16T05:59:45.090] [ERROR] todos - TypeError: Cannot read properties of undefined (reading 'map')
    at twilioWPP (file:///C:/Users/tomas/OneDrive/Escritorio/Coder%20House/backend-Proyecto-Final/src/utils/twilio.js:27:18)
    at postSignup (file:///C:/Users/tomas/OneDrive/Escritorio/Coder%20House/backend-Proyecto-Final/src/routers/page.js:65:5)
    at Layer.handle [as handle_request] (C:\Users\tomas\OneDrive\Escritorio\Coder House\backend-Proyecto-Final\node_modules\express\lib\router\layer.js:95:5)
    at next (C:\Users\tomas\OneDrive\Escritorio\Coder House\backend-Proyecto-Final\node_modules\express\lib\router\route.js:144:13)
    at complete (C:\Users\tomas\OneDrive\Escritorio\Coder House\backend-Proyecto-Final\node_modules\passport\lib\middleware\authenticate.js:271:13)
    at C:\Users\tomas\OneDrive\Escritorio\Coder House\backend-Proyecto-Final\node_modules\passport\lib\middleware\authenticate.js:278:15
    at pass (C:\Users\tomas\OneDrive\Escritorio\Coder House\backend-Proyecto-Final\node_modules\passport\lib\authenticator.js:428:14)
    at Authenticator.transformAuthInfo (C:\Users\tomas\OneDrive\Escritorio\Coder House\backend-Proyecto-Final\node_modules\passport\lib\authenticator.js:450:5)
    at C:\Users\tomas\OneDrive\Escritorio\Coder House\backend-Proyecto-Final\node_modules\passport\lib\middleware\authenticate.js:275:22
    at C:\Users\tomas\OneDrive\Escritorio\Coder House\backend-Proyecto-Final\node_modules\passport\lib\http\request.js:41:7
[2022-07-16T05:59:46.467] [ERROR] todos - Error: Invalid login: 535-5.7.8 Username and Password not accepted. Learn more at
535 5.7.8  https://support.google.com/mail/?p=BadCredentials f17-20020a0568301c3100b0061680c8c9e2sm2799666ote.70 - gsmtp
    at SMTPConnection._formatError (C:\Users\tomas\OneDrive\Escritorio\Coder House\backend-Proyecto-Final\node_modules\nodemailer\lib\smtp-connection\index.js:784:19)
    at SMTPConnection._actionAUTHComplete (C:\Users\tomas\OneDrive\Escritorio\Coder House\backend-Proyecto-Final\node_modules\nodemailer\lib\smtp-connection\index.js:1536:34)
    at SMTPConnection.<anonymous> (C:\Users\tomas\OneDrive\Escritorio\Coder House\backend-Proyecto-Final\node_modules\nodemailer\lib\smtp-connection\index.js:540:26)
    at SMTPConnection._processResponse (C:\Users\tomas\OneDrive\Escritorio\Coder House\backend-Proyecto-Final\node_modules\nodemailer\lib\smtp-connection\index.js:947:20)
    at SMTPConnection._onData (C:\Users\tomas\OneDrive\Escritorio\Coder House\backend-Proyecto-Final\node_modules\nodemailer\lib\smtp-connection\index.js:749:14)
    at TLSSocket.SMTPConnection._onSocketData (C:\Users\tomas\OneDrive\Escritorio\Coder House\backend-Proyecto-Final\node_modules\nodemailer\lib\smtp-connection\index.js:189:44)
    at TLSSocket.emit (node:events:527:28)
    at addChunk (node:internal/streams/readable:315:12)
    at readableAddChunk (node:internal/streams/readable:289:9)
    at TLSSocket.Readable.push (node:internal/streams/readable:228:10) {
  code: 'EAUTH',
  response: '535-5.7.8 Username and Password not accepted. Learn more at\n' +
    '535 5.7.8  https://support.google.com/mail/?p=BadCredentials f17-20020a0568301c3100b0061680c8c9e2sm2799666ote.70 - gsmtp',
  responseCode: 535,
  command: 'AUTH PLAIN'
}
[2022-07-16T19:13:24.137] [INFO] todos - Servidor escuchando en el puerto 3000- PID WORKER 12440
[2022-07-16T19:14:59.353] [INFO] todos - Servidor escuchando en el puerto 3000- PID WORKER 45796
[2022-07-16T19:20:12.743] [INFO] todos - Servidor escuchando en el puerto 3000- PID WORKER 42396
[2022-07-16T19:20:22.992] [INFO] todos - Servidor escuchando en el puerto 3000- PID WORKER 44036
[2022-07-16T19:28:00.636] [INFO] todos - Servidor escuchando en el puerto 3000- PID WORKER 2308
[2022-07-16T19:38:06.383] [INFO] todos - Servidor escuchando en el puerto 3000- PID WORKER 49532
[2022-07-16T19:45:03.657] [INFO] todos - Servidor escuchando en http://127.0.0.1:3000 - PID WORKER 41868
